Tue Aug  9 18:30:16 2016 Tue Aug  9 18:30:16 2016 馊糊(master)修改了一醉(vodka)的密码
Tue Aug  9 18:31:00 2016 Tue Aug  9 18:31:00 2016 馊糊(master)修改了一醉(vodka)的密码
Tue Aug  9 18:31:12 2016 Tue Aug  9 18:31:12 2016 馊糊(master)修改了一醉(vodka)的密码
Tue Sep  6 10:10:59 2016 Tue Sep  6 10:10:59 2016 馊糊(master)修改了古墓(wygm)的密码。
Sat Sep 17 00:19:16 2016 Sat Sep 17 00:19:16 2016 馊糊(master)修改了绝恋(knnd)的密码。
Sat Sep 17 00:19:41 2016 Sat Sep 17 00:19:41 2016 馊糊(master)修改了夏天(summer)的密码。
Sat Sep 17 00:35:01 2016 Sat Sep 17 00:35:01 2016 馊糊(master)修改了绝恋(knnd)的密码
Sat Sep 17 00:35:09 2016 Sat Sep 17 00:35:09 2016 馊糊(master)修改了小娥(change)的密码
Sat Sep 17 00:35:19 2016 Sat Sep 17 00:35:19 2016 馊糊(master)修改了三无手(tjtm)的密码
Sat Sep 17 16:46:51 2016 Sat Sep 17 16:46:51 2016 馊糊(master)修改了乐天(hat)的密码。
Sun Sep 18 14:10:42 2016 Sun Sep 18 14:10:42 2016 馊糊(master)修改了乐天(hat)的密码
Thu Sep 22 18:26:26 2016 Thu Sep 22 18:26:26 2016 馊糊(master)修改了紫衣侯(hanfang)的密码
Mon Sep 26 22:04:29 2016 Mon Sep 26 22:04:29 2016 馊糊(master)修改了小娥(change)的密码
Mon Sep 26 22:04:43 2016 Mon Sep 26 22:04:43 2016 馊糊(master)修改了安妮卡(annika)的密码
Mon Sep 26 22:04:54 2016 Mon Sep 26 22:04:54 2016 馊糊(master)修改了三无手(tjtm)的密码
Mon Sep 26 22:05:02 2016 Mon Sep 26 22:05:02 2016 馊糊(master)修改了夏天(summer)的密码
Mon Sep 26 22:05:13 2016 Mon Sep 26 22:05:13 2016 馊糊(master)修改了绝恋(knnd)的密码
Mon Oct  3 08:24:59 2016 Mon Oct  3 08:24:59 2016 工作人员(anger)修改了大话西游(dhxy)的密码。
Thu Oct 13 09:13:14 2016 Thu Oct 13 09:13:14 2016 工作人员(anger)修改了风无痕(wind)的密码
Thu Oct 13 14:19:43 2016 Thu Oct 13 14:19:43 2016 工作人员(anger)修改了笑三少(mjlove)的密码
Thu Oct 13 14:19:51 2016 Thu Oct 13 14:19:51 2016 工作人员(anger)修改了慕容小丫(mrgood)的密码
Thu Oct 13 14:20:00 2016 Thu Oct 13 14:20:00 2016 工作人员(anger)修改了秃子(sllove)的密码
Thu Oct 13 14:20:06 2016 Thu Oct 13 14:20:06 2016 工作人员(anger)修改了依旧燃烧(wdlove)的密码
Thu Oct 13 14:20:14 2016 Thu Oct 13 14:20:14 2016 工作人员(anger)修改了欧耶(oyeah)的密码
Thu Oct 13 14:20:31 2016 Thu Oct 13 14:20:31 2016 工作人员(anger)修改了戚少商(qishang)的密码
Thu Oct 13 14:20:36 2016 Thu Oct 13 14:20:36 2016 工作人员(anger)修改了飘了(duan)的密码。
Thu Oct 13 14:20:40 2016 Thu Oct 13 14:20:40 2016 工作人员(anger)修改了陶仆(top)的密码
Thu Oct 13 14:20:44 2016 Thu Oct 13 14:20:44 2016 工作人员(anger)修改了阿紫儿(azi)的密码
Thu Oct 13 14:20:49 2016 Thu Oct 13 14:20:49 2016 工作人员(anger)修改了苏灿(sucan)的密码
Thu Oct 13 14:20:56 2016 Thu Oct 13 14:20:56 2016 工作人员(anger)修改了雷霆(leiting)的密码
Thu Oct 13 14:21:05 2016 Thu Oct 13 14:21:05 2016 工作人员(anger)修改了张黑铁(qasdg)的密码
Thu Oct 13 14:21:12 2016 Thu Oct 13 14:21:12 2016 工作人员(anger)修改了如花(qbsdg)的密码
Thu Oct 13 14:21:17 2016 Thu Oct 13 14:21:17 2016 工作人员(anger)修改了张铁(zhangtie)的密码
Thu Oct 13 14:21:26 2016 Thu Oct 13 14:21:26 2016 工作人员(anger)修改了念奴(qesdg)的密码
Thu Oct 13 14:21:33 2016 Thu Oct 13 14:21:33 2016 工作人员(anger)修改了叫花子(qgsdg)的密码
Thu Oct 13 14:21:45 2016 Thu Oct 13 14:21:45 2016 工作人员(anger)修改了罗峰(sterl)的密码
Thu Oct 13 14:21:51 2016 Thu Oct 13 14:21:51 2016 工作人员(anger)修改了罗峰(ster)的密码
Thu Oct 13 14:21:56 2016 Thu Oct 13 14:21:56 2016 工作人员(anger)修改了朵拉(dora)的密码
Thu Oct 13 14:22:00 2016 Thu Oct 13 14:22:00 2016 工作人员(anger)修改了丹蒂(dante)的密码
Thu Oct 13 14:22:14 2016 Thu Oct 13 14:22:14 2016 工作人员(anger)修改了慕容薄(murongab)的密码
Thu Oct 13 14:22:21 2016 Thu Oct 13 14:22:21 2016 工作人员(anger)修改了真武大帝(zhenwu)的密码
Thu Oct 13 14:22:26 2016 Thu Oct 13 14:22:26 2016 工作人员(anger)修改了张三风(zhang)的密码
Thu Oct 13 14:22:31 2016 Thu Oct 13 14:22:31 2016 工作人员(anger)修改了右冷禅(zuoleng)的密码
Thu Oct 13 14:22:36 2016 Thu Oct 13 14:22:36 2016 工作人员(anger)修改了昆仑三圣(laohe)的密码
Thu Oct 13 14:33:02 2016 Thu Oct 13 14:33:02 2016 工作人员(anger)修改了二爷(dvc)的密码
Thu Oct 13 14:33:08 2016 Thu Oct 13 14:33:08 2016 工作人员(anger)修改了大飞机(dafeiji)的密码
Thu Oct 13 14:33:12 2016 Thu Oct 13 14:33:12 2016 工作人员(anger)修改了飞机头(feiji)的密码
Thu Oct 13 14:33:17 2016 Thu Oct 13 14:33:17 2016 工作人员(anger)修改了鸡鸡(dajj)的密码
Thu Oct 13 14:33:21 2016 Thu Oct 13 14:33:21 2016 工作人员(anger)修改了土大大(feijitou)的密码
Thu Oct 13 14:33:27 2016 Thu Oct 13 14:33:27 2016 工作人员(anger)修改了狗哥(dagou)的密码
Thu Oct 13 14:33:32 2016 Thu Oct 13 14:33:32 2016 工作人员(anger)修改了大爷爷(dvcc)的密码
Thu Oct 13 14:33:39 2016 Thu Oct 13 14:33:39 2016 工作人员(anger)修改了大唧唧(dajjj)的密码
Thu Oct 13 14:33:43 2016 Thu Oct 13 14:33:43 2016 工作人员(anger)修改了大鸭子(daya)的密码
Thu Oct 13 14:33:58 2016 Thu Oct 13 14:33:58 2016 工作人员(anger)修改了燃烧哥(burning)的密码
Thu Oct 13 14:34:03 2016 Thu Oct 13 14:34:03 2016 工作人员(anger)修改了乐天(hat)的密码
Thu Oct 13 14:34:11 2016 Thu Oct 13 14:34:11 2016 工作人员(anger)修改了老顽童(cbjztooe)的密码
Thu Oct 13 14:34:18 2016 Thu Oct 13 14:34:18 2016 工作人员(anger)修改了烂苹果(macair)的密码
Thu Oct 13 14:34:25 2016 Thu Oct 13 14:34:25 2016 工作人员(anger)修改了本魔(liumai)的密码
Thu Oct 13 14:34:34 2016 Thu Oct 13 14:34:34 2016 工作人员(anger)修改了古墓丽人(longnvaa)的密码
Thu Oct 13 14:37:14 2016 Thu Oct 13 14:37:14 2016 工作人员(anger)修改了苹果(iphone)的密码
Thu Oct 13 14:37:36 2016 Thu Oct 13 14:37:36 2016 工作人员(anger)修改了桃花(taohua)的密码
Thu Oct 13 14:37:41 2016 Thu Oct 13 14:37:41 2016 工作人员(anger)修改了江湖(job)的密码
Thu Oct 13 14:37:43 2016 Thu Oct 13 14:37:43 2016 工作人员(anger)修改了江湖(joba)的密码
Thu Oct 13 14:37:46 2016 Thu Oct 13 14:37:46 2016 工作人员(anger)修改了江湖(jobb)的密码
Thu Oct 13 14:37:49 2016 Thu Oct 13 14:37:49 2016 工作人员(anger)修改了江湖(jobc)的密码
Thu Oct 13 14:37:50 2016 Thu Oct 13 14:37:50 2016 工作人员(anger)修改了江湖(jobe)的密码
Thu Oct 13 14:37:54 2016 Thu Oct 13 14:37:54 2016 工作人员(anger)修改了江湖(jobf)的密码
Thu Oct 13 14:37:56 2016 Thu Oct 13 14:37:56 2016 工作人员(anger)修改了江湖(jobg)的密码
Thu Oct 13 14:37:58 2016 Thu Oct 13 14:37:58 2016 工作人员(anger)修改了江湖(jobh)的密码
Thu Oct 13 14:38:00 2016 Thu Oct 13 14:38:00 2016 工作人员(anger)修改了江湖(jobi)的密码
Thu Oct 13 14:38:03 2016 Thu Oct 13 14:38:03 2016 工作人员(anger)修改了江湖(jobj)的密码
Thu Oct 13 14:38:31 2016 Thu Oct 13 14:38:31 2016 工作人员(anger)修改了铁旦(tiedanac)的密码
Thu Oct 13 14:38:33 2016 Thu Oct 13 14:38:33 2016 工作人员(anger)修改了铁旦(tiedanaa)的密码
Thu Oct 13 14:40:42 2016 Thu Oct 13 14:40:42 2016 工作人员(anger)修改了阿神(rotk)的密码
Thu Oct 13 14:43:55 2016 Thu Oct 13 14:43:55 2016 工作人员(anger)修改了苹果(iphone)的密码
Thu Oct 13 14:44:01 2016 Thu Oct 13 14:44:01 2016 工作人员(anger)修改了笑三少(mjlove)的密码
Thu Oct 13 14:44:07 2016 Thu Oct 13 14:44:07 2016 工作人员(anger)修改了慕容小丫(mrgood)的密码
Thu Oct 13 14:44:14 2016 Thu Oct 13 14:44:14 2016 工作人员(anger)修改了秃子(sllove)的密码
Thu Oct 13 14:44:21 2016 Thu Oct 13 14:44:21 2016 工作人员(anger)修改了欧耶(oyeah)的密码
Thu Oct 13 14:44:25 2016 Thu Oct 13 14:44:25 2016 工作人员(anger)修改了依旧燃烧(wdlove)的密码
Thu Oct 13 14:48:37 2016 Thu Oct 13 14:48:37 2016 工作人员(anger)修改了风魔(demoa)的密码
Thu Oct 13 14:48:40 2016 Thu Oct 13 14:48:40 2016 工作人员(anger)修改了风魔(demob)的密码
Thu Oct 13 14:48:42 2016 Thu Oct 13 14:48:42 2016 工作人员(anger)修改了风魔(democ)的密码
Thu Oct 13 14:48:45 2016 Thu Oct 13 14:48:45 2016 工作人员(anger)修改了风魔(demod)的密码
Thu Oct 13 14:48:47 2016 Thu Oct 13 14:48:47 2016 工作人员(anger)修改了风魔(demoe)的密码
Thu Oct 13 14:48:49 2016 Thu Oct 13 14:48:49 2016 工作人员(anger)修改了风魔(demof)的密码
Thu Oct 13 14:48:51 2016 Thu Oct 13 14:48:51 2016 工作人员(anger)修改了风魔(demog)的密码
Thu Oct 13 14:48:54 2016 Thu Oct 13 14:48:54 2016 工作人员(anger)修改了风魔(demoh)的密码
Thu Oct 13 14:48:56 2016 Thu Oct 13 14:48:56 2016 工作人员(anger)修改了风魔(demoi)的密码
Thu Oct 13 14:48:58 2016 Thu Oct 13 14:48:58 2016 工作人员(anger)修改了风魔(demoj)的密码
Thu Oct 13 20:21:12 2016 Thu Oct 13 20:21:12 2016 工作人员(anger)修改了飘了(duan)的密码
Mon Oct 17 11:01:32 2016 Mon Oct 17 11:01:32 2016 工作人员(anger)修改了大话西游(dhxy)的密码
Sun Oct 23 17:19:17 2016 Sun Oct 23 17:19:17 2016 工作人员(anger)修改了欢欢(disk)的密码
Sun Oct 23 17:19:28 2016 Sun Oct 23 17:19:28 2016 工作人员(anger)修改了闪电(blitz)的密码
Sun Oct 23 17:19:35 2016 Sun Oct 23 17:19:35 2016 工作人员(anger)修改了小皮皮(xiaopp)的密码
Sun Oct 23 17:19:41 2016 Sun Oct 23 17:19:41 2016 工作人员(anger)修改了血刁老祖(laozu)的密码
Sun Oct 23 17:19:47 2016 Sun Oct 23 17:19:47 2016 工作人员(anger)修改了小星星(xiaoxx)的密码
Sun Oct 23 17:19:53 2016 Sun Oct 23 17:19:53 2016 工作人员(anger)修改了小甜甜(xiaott)的密码
Sun Oct 23 17:19:59 2016 Sun Oct 23 17:19:59 2016 工作人员(anger)修改了咪咪(mimi)的密码
Sun Oct 23 17:20:04 2016 Sun Oct 23 17:20:04 2016 工作人员(anger)修改了菠萝(diablo)的密码
Sun Oct 23 17:20:10 2016 Sun Oct 23 17:20:10 2016 工作人员(anger)修改了关东煮(zhu)的密码
Sun Oct 23 17:20:17 2016 Sun Oct 23 17:20:17 2016 工作人员(anger)修改了虎虎(xiaohh)的密码
Tue Oct 25 16:11:30 2016 Tue Oct 25 16:11:30 2016 工作人员(anger)修改了江湖(job)的密码
Tue Oct 25 16:52:15 2016 Tue Oct 25 16:52:15 2016 工作人员(anger)修改了江湖(joba)的密码
Tue Oct 25 16:53:34 2016 Tue Oct 25 16:53:34 2016 工作人员(anger)修改了江湖(jobb)的密码
Tue Oct 25 16:54:58 2016 Tue Oct 25 16:54:58 2016 工作人员(anger)修改了江湖(jobc)的密码
Thu Oct 27 16:15:19 2016 Thu Oct 27 16:15:19 2016 工作人员(anger)修改了揭谛(jiedi)的密码
Tue Nov 15 08:50:45 2016 Tue Nov 15 08:50:45 2016 工作人员(anger)修改了戚少商(qishang)的密码
Tue Nov 15 09:17:59 2016 Tue Nov 15 09:17:59 2016 工作人员(anger)修改了玄奘(titan)的密码
Wed Nov 16 16:16:10 2016 Wed Nov 16 16:16:10 2016 工作人员(anger)修改了苏灿(sucan)的密码
Thu Dec 15 10:33:41 2016 Thu Dec 15 10:33:41 2016 工作人员(anger)修改了蕾娅(leya)的密码
Tue Jan  3 19:59:09 2017 Tue Jan  3 19:59:09 2017 馊糊(master)修改了冰雪人(iceman)的密码
Tue Jan  3 20:00:05 2017 Tue Jan  3 20:00:05 2017 馊糊(master)修改了冰雪人(iceman)的密码
Fri Jan 13 23:08:27 2017 Fri Jan 13 23:08:27 2017 馊糊(master)修改了阿飞(afei)的密码。
Sat Feb 11 10:27:29 2017 Sat Feb 11 10:27:29 2017 馊糊(master)修改了路人乙(amousez)的密码
Mon Feb 13 18:08:32 2017 Mon Feb 13 18:08:32 2017 馊糊(master)修改了竹叶青(bamboo)的密码
Mon Feb 13 18:17:37 2017 Mon Feb 13 18:17:37 2017 馊糊(master)修改了秋月(qiuer)的密码
Sat Mar  4 23:34:17 2017 Sat Mar  4 23:34:17 2017 馊糊(master)修改了冢虎(smy)的密码
Sat Mar 25 00:12:19 2017 Sat Mar 25 00:12:19 2017 馊糊(master)修改了晓晓(ilovec)的密码
Thu Apr 20 12:16:07 2017 Thu Apr 20 12:16:07 2017 工作人员(anger)修改了不动产(sand)的密码
Thu Apr 20 12:16:12 2017 Thu Apr 20 12:16:12 2017 工作人员(anger)修改了踏地(sandgm)的密码
Thu Apr 20 12:16:15 2017 Thu Apr 20 12:16:15 2017 工作人员(anger)修改了毒发身亡(sandxx)的密码
Thu Apr 20 12:16:19 2017 Thu Apr 20 12:16:19 2017 工作人员(anger)修改了五毒珠(sandry)的密码
Thu Apr 20 12:16:26 2017 Thu Apr 20 12:16:26 2017 工作人员(anger)修改了筷斯特(sandbxn)的密码
Thu Apr 20 12:16:30 2017 Thu Apr 20 12:16:30 2017 工作人员(anger)修改了九剑(sandhs)的密码
Thu Apr 20 12:16:36 2017 Thu Apr 20 12:16:36 2017 工作人员(anger)修改了猪鼻子(sandqz)的密码
Thu Apr 20 12:16:47 2017 Thu Apr 20 12:16:47 2017 工作人员(anger)修改了古墓男(gmn)的密码
Thu Apr 20 12:16:57 2017 Thu Apr 20 12:16:57 2017 工作人员(anger)修改了钱钱钱(ljmgold)的密码
Thu Apr 20 12:17:04 2017 Thu Apr 20 12:17:04 2017 工作人员(anger)修改了欧阳蛤蟆(sandhm)的密码
Thu Apr 20 12:17:12 2017 Thu Apr 20 12:17:12 2017 工作人员(anger)修改了南风未起(lddzwayf)的密码
Thu Apr 20 12:17:18 2017 Thu Apr 20 12:17:18 2017 工作人员(anger)修改了毒发身亡(sandxx)的密码
Thu Apr 20 12:18:26 2017 Thu Apr 20 12:18:26 2017 工作人员(anger)修改了华谊兄弟(hua)的密码
Thu Apr 20 12:18:34 2017 Thu Apr 20 12:18:34 2017 工作人员(anger)修改了粽宝(zongbao)的密码
Thu Apr 20 12:18:44 2017 Thu Apr 20 12:18:44 2017 工作人员(anger)修改了有金(youjin)的密码
Thu Apr 20 12:18:48 2017 Thu Apr 20 12:18:48 2017 工作人员(anger)修改了侑金(youjing)的密码
Thu Apr 20 12:18:58 2017 Thu Apr 20 12:18:58 2017 工作人员(anger)修改了依菲(fiona)的密码
Thu Apr 20 12:19:06 2017 Thu Apr 20 12:19:06 2017 工作人员(anger)修改了洛尼(rodneyqu)的密码
Thu Apr 20 12:19:12 2017 Thu Apr 20 12:19:12 2017 工作人员(anger)修改了小敏风(minfeng)的密码
Thu Apr 20 12:19:17 2017 Thu Apr 20 12:19:17 2017 工作人员(anger)修改了托尔(thor)的密码
Thu Apr 20 12:19:26 2017 Thu Apr 20 12:19:26 2017 工作人员(anger)修改了南风未起(lddzwaug)的密码
Thu Apr 20 12:19:31 2017 Thu Apr 20 12:19:31 2017 工作人员(anger)修改了敏风(weimin)的密码
Thu Apr 20 12:19:36 2017 Thu Apr 20 12:19:36 2017 工作人员(anger)修改了晁盖(chaogai)的密码
Thu Apr 20 12:32:32 2017 Thu Apr 20 12:32:32 2017 工作人员(anger)修改了魔剑(mist)的密码
Thu Apr 20 12:32:38 2017 Thu Apr 20 12:32:38 2017 工作人员(anger)修改了魔剑幽灵(mistchat)的密码
Thu Apr 20 12:32:45 2017 Thu Apr 20 12:32:45 2017 工作人员(anger)修改了一碗饭(mistmist)的密码
Thu Apr 20 12:32:54 2017 Thu Apr 20 12:32:54 2017 工作人员(anger)修改了蜜饯(ybmist)的密码
Thu Apr 20 12:32:56 2017 Thu Apr 20 12:32:56 2017 工作人员(anger)修改了心腹大患(ybmista)的密码
Thu Apr 20 12:32:59 2017 Thu Apr 20 12:32:59 2017 工作人员(anger)修改了发货但是(ybmistb)的密码
Thu Apr 20 12:33:02 2017 Thu Apr 20 12:33:02 2017 工作人员(anger)修改了读后感(ybmistc)的密码
Thu Apr 20 12:33:04 2017 Thu Apr 20 12:33:04 2017 工作人员(anger)修改了你还敢在(ybmistd)的密码
Thu Apr 20 12:33:07 2017 Thu Apr 20 12:33:07 2017 工作人员(anger)修改了小蛤蟆(ybmiste)的密码
Thu Apr 20 12:33:10 2017 Thu Apr 20 12:33:10 2017 工作人员(anger)修改了在家窝(ybmistf)的密码
Thu Apr 20 12:33:35 2017 Thu Apr 20 12:33:35 2017 工作人员(anger)修改了南风未起(lddzwfgg)的密码
Thu Apr 20 12:41:07 2017 Thu Apr 20 12:41:07 2017 工作人员(anger)修改了希瑞(shera)的密码
Thu Apr 20 12:49:17 2017 Thu Apr 20 12:49:17 2017 工作人员(anger)修改了剑剑走心(playxqz)的密码
Thu Apr 20 12:49:26 2017 Thu Apr 20 12:49:26 2017 工作人员(anger)修改了玩死玩活(playplay)的密码
Thu Apr 20 12:49:31 2017 Thu Apr 20 12:49:31 2017 工作人员(anger)修改了慕容小剑(playxmr)的密码
Thu Apr 20 12:51:10 2017 Thu Apr 20 12:51:10 2017 工作人员(anger)修改了渡难(dunan)的密码
Thu Apr 20 12:51:19 2017 Thu Apr 20 12:51:19 2017 工作人员(anger)修改了晓晓(ilovezjx)的密码
Thu Apr 20 12:51:25 2017 Thu Apr 20 12:51:25 2017 工作人员(anger)修改了神经(shenjing)的密码
Thu Apr 20 12:51:30 2017 Thu Apr 20 12:51:30 2017 工作人员(anger)修改了揭谛(jiedi)的密码
Thu Apr 20 12:51:36 2017 Thu Apr 20 12:51:36 2017 工作人员(anger)修改了云无形(wdws)的密码
Thu Apr 20 12:51:46 2017 Thu Apr 20 12:51:46 2017 工作人员(anger)修改了诗词歌赋(mrfu)的密码
Thu Apr 20 12:51:55 2017 Thu Apr 20 12:51:55 2017 工作人员(anger)修改了梅若(juner)的密码
Thu Apr 20 12:52:02 2017 Thu Apr 20 12:52:02 2017 工作人员(anger)修改了思念(missyou)的密码
Thu Apr 20 12:52:07 2017 Thu Apr 20 12:52:07 2017 工作人员(anger)修改了一醉(gin)的密码
Thu Apr 20 12:52:11 2017 Thu Apr 20 12:52:11 2017 工作人员(anger)修改了晴天(spee)的密码
Thu Apr 20 12:52:19 2017 Thu Apr 20 12:52:19 2017 工作人员(anger)修改了南风未起(lddzwaqd)的密码
Thu Apr 20 12:52:26 2017 Thu Apr 20 12:52:26 2017 工作人员(anger)修改了云无形(wdws)的密码
Thu Apr 20 12:53:10 2017 Thu Apr 20 12:53:10 2017 工作人员(anger)修改了小宝贝(love)的密码
Thu Apr 20 12:53:13 2017 Thu Apr 20 12:53:13 2017 工作人员(anger)修改了小可爱(kiss)的密码
Thu Apr 20 12:53:20 2017 Thu Apr 20 12:53:20 2017 工作人员(anger)修改了火红(sandtl)的密码
Thu Apr 20 12:53:27 2017 Thu Apr 20 12:53:27 2017 工作人员(anger)修改了小妖精(miss)的密码
Thu Apr 20 12:53:30 2017 Thu Apr 20 12:53:30 2017 工作人员(anger)修改了明眸善睐(wink)的密码
Thu Apr 20 12:53:34 2017 Thu Apr 20 12:53:34 2017 工作人员(anger)修改了大财迷(mod)的密码
Thu Apr 20 12:53:38 2017 Thu Apr 20 12:53:38 2017 工作人员(anger)修改了木头人(wood)的密码
Thu Apr 20 12:53:42 2017 Thu Apr 20 12:53:42 2017 工作人员(anger)修改了冰雪圣女(ice)的密码
Thu Apr 20 12:53:46 2017 Thu Apr 20 12:53:46 2017 工作人员(anger)修改了火辣妖姬(fire)的密码
Thu Apr 20 12:54:23 2017 Thu Apr 20 12:54:23 2017 工作人员(anger)修改了戚少商(qishang)的密码
Thu Apr 20 12:54:42 2017 Thu Apr 20 12:54:42 2017 工作人员(anger)修改了笑忘书(hjian)的密码
Thu Apr 20 12:54:48 2017 Thu Apr 20 12:54:48 2017 工作人员(anger)修改了笑忘书(huijian)的密码
Thu Apr 20 12:54:54 2017 Thu Apr 20 12:54:54 2017 工作人员(anger)修改了希曼(seaman)的密码
Thu Apr 20 12:54:58 2017 Thu Apr 20 12:54:58 2017 工作人员(anger)修改了豆腐干(uuu)的密码
Thu Apr 20 12:55:33 2017 Thu Apr 20 12:55:33 2017 工作人员(anger)修改了梦三萌(xbbxx)的密码
Thu Apr 20 12:55:39 2017 Thu Apr 20 12:55:39 2017 工作人员(anger)修改了启天(woowod)的密码
Thu Apr 20 13:12:18 2017 Thu Apr 20 13:12:18 2017 工作人员(anger)修改了心有灵犀(gcrazy)的密码
Thu Apr 20 13:12:21 2017 Thu Apr 20 13:12:21 2017 工作人员(anger)修改了心有灵犀(gcrazyc)的密码
Thu Apr 20 13:12:28 2017 Thu Apr 20 13:12:28 2017 工作人员(anger)修改了龙珑儿(kindle)的密码
Thu Apr 20 13:12:37 2017 Thu Apr 20 13:12:37 2017 工作人员(anger)修改了心有所属(fpimc)的密码
Thu Apr 20 13:12:40 2017 Thu Apr 20 13:12:40 2017 工作人员(anger)修改了气哈喽(fpimca)的密码
Thu Apr 20 13:12:43 2017 Thu Apr 20 13:12:43 2017 工作人员(anger)修改了哈喽其(fpimcb)的密码
Thu Apr 20 13:12:45 2017 Thu Apr 20 13:12:45 2017 工作人员(anger)修改了迷离(fpimcc)的密码
Thu Apr 20 13:12:47 2017 Thu Apr 20 13:12:47 2017 工作人员(anger)修改了小幸运(fpimcd)的密码
Thu Apr 20 13:12:49 2017 Thu Apr 20 13:12:49 2017 工作人员(anger)修改了唯一(fpimce)的密码
Thu Apr 20 13:12:52 2017 Thu Apr 20 13:12:52 2017 工作人员(anger)修改了唯一(fpimcf)的密码
Thu Apr 20 13:28:39 2017 Thu Apr 20 13:28:39 2017 工作人员(anger)修改了铁锈(rust)的密码
Thu Apr 20 13:28:43 2017 Thu Apr 20 13:28:43 2017 工作人员(anger)修改了春来(chunlai)的密码
Thu Apr 20 13:28:55 2017 Thu Apr 20 13:28:55 2017 工作人员(anger)修改了土匪甲(oracle)的密码
Thu Apr 20 13:29:01 2017 Thu Apr 20 13:29:01 2017 工作人员(anger)修改了扈三娘(husn)的密码
Thu Apr 20 13:29:06 2017 Thu Apr 20 13:29:06 2017 工作人员(anger)修改了佛爷(foye)的密码
Thu Apr 20 13:44:43 2017 Thu Apr 20 13:44:43 2017 工作人员(anger)修改了贝克汉姆(beckham)的密码
Thu Apr 20 13:44:50 2017 Thu Apr 20 13:44:50 2017 工作人员(anger)修改了陈法拉(chenfala)的密码
Thu Apr 20 13:44:56 2017 Thu Apr 20 13:44:56 2017 工作人员(anger)修改了酥泉(suquan)的密码
Thu Apr 20 13:45:02 2017 Thu Apr 20 13:45:02 2017 工作人员(anger)修改了断玉(duanyu)的密码
Thu Apr 20 13:45:47 2017 Thu Apr 20 13:45:47 2017 工作人员(anger)修改了张小凡(arivib)的密码
Thu Apr 20 13:45:57 2017 Thu Apr 20 13:45:57 2017 工作人员(anger)修改了陆雪琪(hyperion)的密码
Thu Apr 20 13:46:04 2017 Thu Apr 20 13:46:04 2017 工作人员(anger)修改了羊癫疯(payaya)的密码
Thu Apr 20 13:46:10 2017 Thu Apr 20 13:46:10 2017 工作人员(anger)修改了龙傲天(later)的密码
Thu Apr 20 14:10:58 2017 Thu Apr 20 14:10:58 2017 工作人员(anger)修改了碧瑶(biyao)的密码
Thu Apr 20 14:11:06 2017 Thu Apr 20 14:11:06 2017 工作人员(anger)修改了钱缝甲(hpunix)的密码
Thu Apr 20 14:11:20 2017 Thu Apr 20 14:11:20 2017 工作人员(anger)修改了钱缝甲(hpunix)的密码
Thu Apr 20 14:11:55 2017 Thu Apr 20 14:11:55 2017 工作人员(anger)修改了月野兔(sailorm)的密码
Thu Apr 20 14:12:05 2017 Thu Apr 20 14:12:05 2017 工作人员(anger)修改了木野真琴(sailorj)的密码
Thu Apr 20 14:12:09 2017 Thu Apr 20 14:12:09 2017 工作人员(anger)修改了美奈子(sailorv)的密码
Thu Apr 20 14:12:16 2017 Thu Apr 20 14:12:16 2017 工作人员(anger)修改了某人(someone)的密码
Thu Apr 20 14:12:26 2017 Thu Apr 20 14:12:26 2017 工作人员(anger)修改了活死人(gmdizij)的密码
Thu Apr 20 14:12:34 2017 Thu Apr 20 14:12:34 2017 工作人员(anger)修改了南风未起(lddzwagp)的密码
Thu Apr 20 14:12:45 2017 Thu Apr 20 14:12:45 2017 工作人员(anger)修改了大奶(danaizi)的密码
Thu Apr 20 14:20:06 2017 Thu Apr 20 14:20:06 2017 工作人员(anger)修改了火火(maskc)的密码
Thu Apr 20 14:20:11 2017 Thu Apr 20 14:20:11 2017 工作人员(anger)修改了纳尼(nani)的密码
Thu Apr 20 14:20:15 2017 Thu Apr 20 14:20:15 2017 工作人员(anger)修改了张紫阳(ziyang)的密码
Thu Apr 20 14:20:20 2017 Thu Apr 20 14:20:20 2017 工作人员(anger)修改了实蛋(shidan)的密码
Thu Apr 20 14:29:06 2017 Thu Apr 20 14:29:06 2017 工作人员(anger)修改了管理员(master)的密码
Thu Apr 20 14:30:51 2017 Thu Apr 20 14:30:51 2017 馊糊(master)修改了火焰神(xiaoao)的密码
Thu Apr 20 14:30:57 2017 Thu Apr 20 14:30:57 2017 馊糊(master)修改了一阵风(renlai)的密码
Thu Apr 20 14:31:05 2017 Thu Apr 20 14:31:05 2017 馊糊(master)修改了玉玲珑(cooltomy)的密码
Thu Apr 20 14:32:02 2017 Thu Apr 20 14:32:02 2017 馊糊(master)修改了混世魔王(yrssumnq)的密码
Thu Apr 20 14:32:07 2017 Thu Apr 20 14:32:07 2017 馊糊(master)修改了混世魔王(yrssumnq)的密码
Thu Apr 20 14:50:38 2017 Thu Apr 20 14:50:38 2017 馊糊(master)修改了晓晓(ilovea)的密码
Thu Apr 20 14:50:43 2017 Thu Apr 20 14:50:43 2017 馊糊(master)修改了晓晓(iloveb)的密码
Thu Apr 20 14:50:46 2017 Thu Apr 20 14:50:46 2017 馊糊(master)修改了晓晓(iloved)的密码
Thu Apr 20 14:50:47 2017 Thu Apr 20 14:50:47 2017 馊糊(master)修改了晓晓(ilovee)的密码
Thu Apr 20 14:50:50 2017 Thu Apr 20 14:50:50 2017 馊糊(master)修改了晓晓(ilovef)的密码
Thu Apr 20 14:50:52 2017 Thu Apr 20 14:50:52 2017 馊糊(master)修改了晓晓(iloveg)的密码
Thu Apr 20 15:14:18 2017 Thu Apr 20 15:14:18 2017 馊糊(master)修改了耗子(sgytlove)的密码
Thu Apr 20 15:14:28 2017 Thu Apr 20 15:14:28 2017 馊糊(master)修改了古墓女(gmsgyt)的密码
Thu Apr 20 15:37:02 2017 Thu Apr 20 15:37:02 2017 馊糊(master)修改了平头百姓(bxbx)的密码
Thu Apr 20 15:37:07 2017 Thu Apr 20 15:37:07 2017 馊糊(master)修改了桃花美美(thdmm)的密码
Thu Apr 20 15:37:13 2017 Thu Apr 20 15:37:13 2017 馊糊(master)修改了明教大哥(mjdage)的密码
Thu Apr 20 15:37:19 2017 Thu Apr 20 15:37:19 2017 馊糊(master)修改了毛蛋(maodan)的密码
Thu Apr 20 15:37:37 2017 Thu Apr 20 15:37:37 2017 馊糊(master)修改了南风未起(lddzwake)的密码
Thu Apr 20 15:37:43 2017 Thu Apr 20 15:37:43 2017 馊糊(master)修改了飘了(duan)的密码
Thu Apr 20 15:37:54 2017 Thu Apr 20 15:37:54 2017 馊糊(master)修改了血刀老大(tlsf)的密码
Thu Apr 20 15:38:01 2017 Thu Apr 20 15:38:01 2017 馊糊(master)修改了天问(rzrz)的密码
Thu Apr 20 15:38:11 2017 Thu Apr 20 15:38:11 2017 馊糊(master)修改了爱兜风(aidou)的密码
Thu Apr 20 15:38:22 2017 Thu Apr 20 15:38:22 2017 馊糊(master)修改了火火(maska)的密码
Thu Apr 20 15:38:27 2017 Thu Apr 20 15:38:27 2017 馊糊(master)修改了春风(chunfeng)的密码
Thu Apr 20 15:38:34 2017 Thu Apr 20 15:38:34 2017 馊糊(master)修改了五行缺钙(yanf)的密码
Thu Apr 20 15:38:39 2017 Thu Apr 20 15:38:39 2017 馊糊(master)修改了大话西游(dhxy)的密码
Thu Apr 20 15:38:43 2017 Thu Apr 20 15:38:43 2017 馊糊(master)修改了改名(hfx)的密码
Thu Apr 20 15:38:49 2017 Thu Apr 20 15:38:49 2017 馊糊(master)修改了左拐(yanw)的密码
Thu Apr 20 15:38:52 2017 Thu Apr 20 15:38:52 2017 馊糊(master)修改了铁掌老大(tztz)的密码
Thu Apr 20 15:38:58 2017 Thu Apr 20 15:38:58 2017 馊糊(master)修改了丹辰子(danchen)的密码
Thu Apr 20 15:39:07 2017 Thu Apr 20 15:39:07 2017 馊糊(master)修改了牛掰神龙(nbsld)的密码
Thu Apr 20 15:39:18 2017 Thu Apr 20 15:39:18 2017 馊糊(master)修改了名花(minghua)的密码
Thu Apr 20 15:39:22 2017 Thu Apr 20 15:39:22 2017 馊糊(master)修改了星宿(xxx)的密码
Thu Apr 20 15:39:26 2017 Thu Apr 20 15:39:26 2017 馊糊(master)修改了太急(taiji)的密码
Thu Apr 20 15:39:31 2017 Thu Apr 20 15:39:31 2017 馊糊(master)修改了柳如眉(rumei)的密码
Thu Apr 20 16:24:58 2017 Thu Apr 20 16:24:58 2017 馊糊(master)修改了无心(yangcong)的密码
Thu Apr 20 16:25:09 2017 Thu Apr 20 16:25:09 2017 馊糊(master)修改了无心(yangcong)的密码
Thu Apr 20 16:25:11 2017 Thu Apr 20 16:25:11 2017 馊糊(master)修改了无心(yangcong)的密码
Thu Apr 20 16:25:16 2017 Thu Apr 20 16:25:16 2017 馊糊(master)修改了无心(yangcong)的密码
Thu Apr 20 16:25:19 2017 Thu Apr 20 16:25:19 2017 馊糊(master)修改了无心(yangcong)的密码
Thu Apr 20 16:25:23 2017 Thu Apr 20 16:25:23 2017 馊糊(master)修改了无心(yangcong)的密码
Thu Apr 20 16:25:28 2017 Thu Apr 20 16:25:28 2017 馊糊(master)修改了无心(yangcong)的密码
Thu Apr 20 16:25:32 2017 Thu Apr 20 16:25:32 2017 馊糊(master)修改了无心(yangcong)的密码
Thu Apr 20 16:25:35 2017 Thu Apr 20 16:25:35 2017 馊糊(master)修改了无心(yangcong)的密码
Thu Apr 20 17:17:48 2017 Thu Apr 20 17:17:48 2017 馊糊(master)修改了明教(bbin)的密码
Thu Apr 20 17:17:53 2017 Thu Apr 20 17:17:53 2017 馊糊(master)修改了桃花儿(bbbin)的密码
Thu Apr 20 17:17:58 2017 Thu Apr 20 17:17:58 2017 馊糊(master)修改了第三方(hsbbin)的密码
Thu Apr 20 17:18:02 2017 Thu Apr 20 17:18:02 2017 馊糊(master)修改了日月(rybbin)的密码
Thu Apr 20 17:18:07 2017 Thu Apr 20 17:18:07 2017 馊糊(master)修改了我的百姓(bbinbx)的密码
Thu Apr 20 17:20:20 2017 Thu Apr 20 17:20:20 2017 馊糊(master)修改了红翅膀(redwings)的密码
Thu Apr 20 17:20:30 2017 Thu Apr 20 17:20:30 2017 馊糊(master)修改了蓝翅膀(bluewing)的密码
Thu Apr 20 17:20:38 2017 Thu Apr 20 17:20:38 2017 馊糊(master)修改了大脚(bigfeet)的密码
Thu Apr 20 17:20:50 2017 Thu Apr 20 17:20:50 2017 馊糊(master)修改了丑丑(bigfeeex)的密码
Thu Apr 20 17:20:56 2017 Thu Apr 20 17:20:56 2017 馊糊(master)修改了丑丑(bigfeedi)的密码
Thu Apr 20 17:21:04 2017 Thu Apr 20 17:21:04 2017 馊糊(master)修改了狂魔(kanxxa)的密码
Thu Apr 20 17:21:15 2017 Thu Apr 20 17:21:15 2017 馊糊(master)修改了日天(kanhsa)的密码
Thu Apr 20 17:21:23 2017 Thu Apr 20 17:21:23 2017 馊糊(master)修改了日地(kanhsb)的密码
Thu Apr 20 17:21:33 2017 Thu Apr 20 17:21:33 2017 馊糊(master)修改了大疯(shoutoka)的密码
Thu Apr 20 17:21:44 2017 Thu Apr 20 17:21:44 2017 馊糊(master)修改了瞎跑(xxdami)的密码
Fri Apr 21 08:46:43 2017 Fri Apr 21 08:46:43 2017 工作人员(anger)修改了老祖(laozi)的密码
Fri Apr 21 08:47:32 2017 Fri Apr 21 08:47:32 2017 工作人员(anger)修改了明月开云(panix)的密码
Fri Apr 21 08:47:38 2017 Fri Apr 21 08:47:38 2017 工作人员(anger)修改了寒烟(joshua)的密码
Fri Apr 21 08:47:44 2017 Fri Apr 21 08:47:44 2017 工作人员(anger)修改了李彪(gideon)的密码
Fri Apr 21 08:47:49 2017 Fri Apr 21 08:47:49 2017 工作人员(anger)修改了方世玉(jade)的密码
Fri Apr 21 08:47:56 2017 Fri Apr 21 08:47:56 2017 工作人员(anger)修改了慕容远(patrick)的密码
Fri Apr 21 08:48:22 2017 Fri Apr 21 08:48:22 2017 工作人员(anger)修改了亚伯(edwardwb)的密码
Fri Apr 21 08:48:28 2017 Fri Apr 21 08:48:28 2017 工作人员(anger)修改了嗷嗷风(edwardwr)的密码
Fri Apr 21 08:48:30 2017 Fri Apr 21 08:48:30 2017 工作人员(anger)修改了嗷嗷风(edwardwz)的密码
Fri Apr 21 08:48:41 2017 Fri Apr 21 08:48:41 2017 工作人员(anger)修改了凌退之(jilimdlc)的密码
Fri Apr 21 08:48:47 2017 Fri Apr 21 08:48:47 2017 工作人员(anger)修改了雨落心安(xiaobao)的密码
Fri Apr 21 08:48:53 2017 Fri Apr 21 08:48:53 2017 工作人员(anger)修改了雨落心安(rwi)的密码
Fri Apr 21 08:49:06 2017 Fri Apr 21 08:49:06 2017 工作人员(anger)修改了南风未起(lddzwbpq)的密码
Fri Apr 21 08:49:12 2017 Fri Apr 21 08:49:12 2017 工作人员(anger)修改了我欲为人(lddzwcab)的密码
Fri Apr 21 08:49:30 2017 Fri Apr 21 08:49:30 2017 工作人员(anger)修改了南风未起(lddzwahv)的密码
Fri Apr 21 08:49:37 2017 Fri Apr 21 08:49:37 2017 工作人员(anger)修改了慕容灭风(jobtime)的密码
Fri Apr 21 08:49:50 2017 Fri Apr 21 08:49:50 2017 工作人员(anger)修改了与民同乐(rwizhoua)的密码
Fri Apr 21 08:49:55 2017 Fri Apr 21 08:49:55 2017 工作人员(anger)修改了与民同乐(rwizhou)的密码
Fri Apr 21 08:50:02 2017 Fri Apr 21 08:50:02 2017 工作人员(anger)修改了小米(ldric)的密码
Fri Apr 21 08:50:07 2017 Fri Apr 21 08:50:07 2017 工作人员(anger)修改了艾米丽(mase)的密码
Fri Apr 21 09:34:07 2017 Fri Apr 21 09:34:07 2017 工作人员(anger)修改了包子(baozi)的密码
Fri Apr 21 09:34:13 2017 Fri Apr 21 09:34:13 2017 工作人员(anger)修改了山峰(space)的密码
Fri Apr 21 09:34:17 2017 Fri Apr 21 09:34:17 2017 工作人员(anger)修改了米一(mia)的密码
Fri Apr 21 10:05:52 2017 Fri Apr 21 10:05:52 2017 工作人员(anger)修改了剑云(jianyun)的密码
Fri Apr 21 10:06:37 2017 Fri Apr 21 10:06:37 2017 工作人员(anger)修改了南风未起(lddzwaee)的密码
Fri Apr 21 10:15:19 2017 Fri Apr 21 10:15:19 2017 工作人员(anger)修改了风吹过(feng)的密码
Fri Apr 21 10:15:36 2017 Fri Apr 21 10:15:36 2017 工作人员(anger)修改了林月茹(lwhs)的密码
Fri Apr 21 10:15:56 2017 Fri Apr 21 10:15:56 2017 工作人员(anger)修改了赵灵儿(lwhshs)的密码
Fri Apr 21 10:18:03 2017 Fri Apr 21 10:18:03 2017 工作人员(anger)修改了无道(lwtlstls)的密码
Fri Apr 21 10:18:12 2017 Fri Apr 21 10:18:12 2017 工作人员(anger)修改了云馨(lwthd)的密码
Fri Apr 21 10:18:25 2017 Fri Apr 21 10:18:25 2017 工作人员(anger)修改了山水(xaliuwei)的密码
Fri Apr 21 10:18:35 2017 Fri Apr 21 10:18:35 2017 工作人员(anger)修改了天琼(nmliuwei)的密码
Fri Apr 21 10:19:29 2017 Fri Apr 21 10:19:29 2017 工作人员(anger)修改了上官(rivaldo)的密码
Fri Apr 21 10:19:38 2017 Fri Apr 21 10:19:38 2017 工作人员(anger)修改了口口(agassi)的密码
Fri Apr 21 10:20:15 2017 Fri Apr 21 10:20:15 2017 工作人员(anger)修改了沙鲁(shajing)的密码
Fri Apr 21 10:20:41 2017 Fri Apr 21 10:20:41 2017 工作人员(anger)修改了摩天(lhkboy)的密码
Fri Apr 21 10:21:26 2017 Fri Apr 21 10:21:26 2017 工作人员(anger)修改了摩天(lhkboy)的密码
Fri Apr 21 10:22:31 2017 Fri Apr 21 10:22:31 2017 工作人员(anger)修改了来去(lhktls)的密码
Fri Apr 21 10:22:40 2017 Fri Apr 21 10:22:40 2017 工作人员(anger)修改了轮回(lhkpot)的密码
Fri Apr 21 10:22:48 2017 Fri Apr 21 10:22:48 2017 工作人员(anger)修改了擎天(lhkpopo)的密码
Fri Apr 21 10:22:56 2017 Fri Apr 21 10:22:56 2017 工作人员(anger)修改了晓晓(ilovec)的密码
Fri Apr 21 10:26:50 2017 Fri Apr 21 10:26:50 2017 工作人员(anger)修改了逍遥(nmlw)的密码
Fri Apr 21 10:32:55 2017 Fri Apr 21 10:32:55 2017 工作人员(anger)修改了一碗饭(mistmist)的密码
Fri Apr 21 10:35:02 2017 Fri Apr 21 10:35:02 2017 工作人员(anger)修改了屁哥(kissme)的密码
Fri Apr 21 10:35:06 2017 Fri Apr 21 10:35:06 2017 工作人员(anger)修改了独孤屁(kissyou)的密码
Fri Apr 21 10:35:13 2017 Fri Apr 21 10:35:13 2017 工作人员(anger)修改了淫贱(kisshe)的密码
Fri Apr 21 10:35:21 2017 Fri Apr 21 10:35:21 2017 工作人员(anger)修改了屁旋(kissshe)的密码
Fri Apr 21 10:35:25 2017 Fri Apr 21 10:35:25 2017 工作人员(anger)修改了毒龙屁(kissass)的密码
Fri Apr 21 10:35:31 2017 Fri Apr 21 10:35:31 2017 工作人员(anger)修改了独孤屁(kissface)的密码
Fri Apr 21 10:35:35 2017 Fri Apr 21 10:35:35 2017 工作人员(anger)修改了血屁刀(kissone)的密码
Fri Apr 21 10:35:43 2017 Fri Apr 21 10:35:43 2017 工作人员(anger)修改了奴才(nucai)的密码
Fri Apr 21 10:35:49 2017 Fri Apr 21 10:35:49 2017 工作人员(anger)修改了贱婢(jianbi)的密码
Fri Apr 21 10:49:50 2017 Fri Apr 21 10:49:50 2017 工作人员(anger)修改了云火(lwtls)的密码
Fri Apr 21 10:51:57 2017 Fri Apr 21 10:51:57 2017 工作人员(anger)修改了神照三(tlsc)的密码
Fri Apr 21 10:52:24 2017 Fri Apr 21 10:52:24 2017 工作人员(anger)修改了曾石(lixhs)的密码
Fri Apr 21 10:54:43 2017 Fri Apr 21 10:54:43 2017 工作人员(anger)修改了无心(yangcong)的密码
Fri Apr 21 10:54:48 2017 Fri Apr 21 10:54:48 2017 工作人员(anger)修改了大黄(xix)的密码
Fri Apr 21 10:54:53 2017 Fri Apr 21 10:54:53 2017 工作人员(anger)修改了李闲舟(coc)的密码
Fri Apr 21 10:54:57 2017 Fri Apr 21 10:54:57 2017 工作人员(anger)修改了大爷(daye)的密码
Fri Apr 21 10:55:00 2017 Fri Apr 21 10:55:00 2017 工作人员(anger)修改了大(laoye)的密码
Fri Apr 21 10:55:05 2017 Fri Apr 21 10:55:05 2017 工作人员(anger)修改了星宿老子(xxlaozi)的密码
Fri Apr 21 10:55:14 2017 Fri Apr 21 10:55:14 2017 工作人员(anger)修改了尘埃(lavic)的密码
Fri Apr 21 11:04:31 2017 Fri Apr 21 11:04:31 2017 工作人员(anger)修改了黄衣鼠王(sandmj)的密码
Fri Apr 21 11:04:45 2017 Fri Apr 21 11:04:45 2017 工作人员(anger)修改了黄衣鼠王(sandmj)的密码
Fri Apr 21 11:12:46 2017 Fri Apr 21 11:12:46 2017 工作人员(anger)修改了大财迷(mod)的密码
Fri Apr 21 11:12:49 2017 Fri Apr 21 11:12:49 2017 工作人员(anger)修改了小财迷(mood)的密码
Fri Apr 21 11:12:53 2017 Fri Apr 21 11:12:53 2017 工作人员(anger)修改了木头人(wood)的密码
Fri Apr 21 11:12:56 2017 Fri Apr 21 11:12:56 2017 工作人员(anger)修改了冰雪圣女(ice)的密码
Fri Apr 21 11:13:00 2017 Fri Apr 21 11:13:00 2017 工作人员(anger)修改了火辣妖姬(fire)的密码
Fri Apr 21 11:20:02 2017 Fri Apr 21 11:20:02 2017 工作人员(anger)修改了南风未起(lddzwaae)的密码
Fri Apr 21 11:34:12 2017 Fri Apr 21 11:34:12 2017 工作人员(anger)修改了朱步宁(buning)的密码
Fri Apr 21 11:34:22 2017 Fri Apr 21 11:34:22 2017 工作人员(anger)修改了劫后余生(dujie)的密码
Fri Apr 21 11:34:30 2017 Fri Apr 21 11:34:30 2017 工作人员(anger)修改了神经病(tmwm)的密码
Fri Apr 21 11:34:38 2017 Fri Apr 21 11:34:38 2017 工作人员(anger)修改了太极(wde)的密码
Fri Apr 21 11:50:31 2017 Fri Apr 21 11:50:31 2017 工作人员(anger)修改了鸡巴(jiba)的密码
Fri Apr 21 11:50:50 2017 Fri Apr 21 11:50:50 2017 工作人员(anger)修改了法务(zjican)的密码
Fri Apr 21 11:51:06 2017 Fri Apr 21 11:51:06 2017 工作人员(anger)修改了大喇叭(ican)的密码
Fri Apr 21 11:51:14 2017 Fri Apr 21 11:51:14 2017 工作人员(anger)修改了春秋夏(mrzxb)的密码
Fri Apr 21 11:51:22 2017 Fri Apr 21 11:51:22 2017 工作人员(anger)修改了夏春秋(sldzxb)的密码
Fri Apr 21 11:51:29 2017 Fri Apr 21 11:51:29 2017 工作人员(anger)修改了五血五肉(chidan)的密码
Fri Apr 21 11:51:38 2017 Fri Apr 21 11:51:38 2017 工作人员(anger)修改了大上海(nxyxwb)的密码
Fri Apr 21 12:59:47 2017 Fri Apr 21 12:59:47 2017 工作人员(anger)修改了我大昆仑(nbkl)的密码
Fri Apr 21 13:01:16 2017 Fri Apr 21 13:01:16 2017 工作人员(anger)修改了大琨(seass)的密码
Fri Apr 21 13:01:31 2017 Fri Apr 21 13:01:31 2017 工作人员(anger)修改了吃香难看(seasl)的密码
Fri Apr 21 13:06:38 2017 Fri Apr 21 13:06:38 2017 工作人员(anger)修改了混世魔王(yrssumnp)的密码
Fri Apr 21 13:16:43 2017 Fri Apr 21 13:16:43 2017 工作人员(anger)修改了燕飞(yanfei)的密码
Fri Apr 21 13:36:55 2017 Fri Apr 21 13:36:55 2017 工作人员(anger)修改了易德(yide)的密码
Fri Apr 21 13:37:03 2017 Fri Apr 21 13:37:03 2017 工作人员(anger)修改了晓晓(xiaoxiao)的密码
Fri Apr 21 13:37:09 2017 Fri Apr 21 13:37:09 2017 工作人员(anger)修改了小蜜(xmf)的密码
Fri Apr 21 13:37:26 2017 Fri Apr 21 13:37:26 2017 工作人员(anger)修改了苏灿(sucan)的密码
Fri Apr 21 14:17:35 2017 Fri Apr 21 14:17:35 2017 工作人员(anger)修改了北斗(nwca)的密码
Fri Apr 21 14:17:42 2017 Fri Apr 21 14:17:42 2017 工作人员(anger)修改了北斗(nwcb)的密码
Fri Apr 21 14:17:44 2017 Fri Apr 21 14:17:44 2017 工作人员(anger)修改了北斗(nwcc)的密码
Fri Apr 21 14:17:48 2017 Fri Apr 21 14:17:48 2017 工作人员(anger)修改了北斗(nwcd)的密码
Fri Apr 21 14:17:51 2017 Fri Apr 21 14:17:51 2017 工作人员(anger)修改了北斗(nwcee)的密码
Fri Apr 21 14:17:57 2017 Fri Apr 21 14:17:57 2017 工作人员(anger)修改了北斗(nwcf)的密码
Fri Apr 21 14:18:05 2017 Fri Apr 21 14:18:05 2017 工作人员(anger)修改了笑傲(xiaoaoi)的密码
Fri Apr 21 14:18:11 2017 Fri Apr 21 14:18:11 2017 工作人员(anger)修改了玄天(xuantian)的密码
Fri Apr 21 14:19:15 2017 Fri Apr 21 14:19:15 2017 工作人员(anger)修改了南风未起(lddzwbdg)的密码
Fri Apr 21 14:19:22 2017 Fri Apr 21 14:19:22 2017 工作人员(anger)修改了善恶(ares)的密码
Fri Apr 21 14:19:26 2017 Fri Apr 21 14:19:26 2017 工作人员(anger)修改了皇天(mars)的密码
Fri Apr 21 14:19:31 2017 Fri Apr 21 14:19:31 2017 工作人员(anger)修改了白二(bell)的密码
Fri Apr 21 15:16:00 2017 Fri Apr 21 15:16:00 2017 工作人员(anger)修改了木人(wod)的密码
Fri Apr 21 16:52:16 2017 Fri Apr 21 16:52:16 2017 工作人员(anger)修改了涂涂(bojie)的密码
Fri Apr 21 16:52:22 2017 Fri Apr 21 16:52:22 2017 工作人员(anger)修改了火火(bjzhou)的密码
Fri Apr 21 16:52:32 2017 Fri Apr 21 16:52:32 2017 工作人员(anger)修改了保保(bojiez)的密码
Fri Apr 21 16:52:37 2017 Fri Apr 21 16:52:37 2017 工作人员(anger)修改了华华(lihua)的密码
Fri Apr 21 16:52:43 2017 Fri Apr 21 16:52:43 2017 工作人员(anger)修改了丽丽(lihuaw)的密码
Fri Apr 21 16:52:47 2017 Fri Apr 21 16:52:47 2017 工作人员(anger)修改了博博(bobo)的密码
Sat Apr 22 12:10:21 2017 Sat Apr 22 12:10:21 2017 工作人员(anger)修改了阿弥陀(yyy)的密码
Sat Apr 22 12:10:28 2017 Sat Apr 22 12:10:28 2017 工作人员(anger)修改了伤害力(yyyy)的密码
Sat Apr 22 12:10:39 2017 Sat Apr 22 12:10:39 2017 工作人员(anger)修改了洋芋(yangyu)的密码
Sat Apr 22 12:10:46 2017 Sat Apr 22 12:10:46 2017 工作人员(anger)修改了无无无(yyyyy)的密码
Sat Apr 22 12:11:00 2017 Sat Apr 22 12:11:00 2017 工作人员(anger)修改了卡蛋(kadd)的密码
Sat Apr 22 12:11:07 2017 Sat Apr 22 12:11:07 2017 工作人员(anger)修改了醉梦江南(ffjjdhd)的密码
Sat Apr 22 12:11:17 2017 Sat Apr 22 12:11:17 2017 工作人员(anger)修改了胡来(jjffdhd)的密码
Sat Apr 22 12:11:23 2017 Sat Apr 22 12:11:23 2017 工作人员(anger)修改了披风(jiajia)的密码
Sat Apr 22 12:11:29 2017 Sat Apr 22 12:11:29 2017 工作人员(anger)修改了乱吹(langfei)的密码
Sat Apr 22 12:11:39 2017 Sat Apr 22 12:11:39 2017 工作人员(anger)修改了路怒症(kaddd)的密码
Sat Apr 22 12:11:44 2017 Sat Apr 22 12:11:44 2017 工作人员(anger)修改了倪眸(nimou)的密码
Sat Apr 22 12:11:54 2017 Sat Apr 22 12:11:54 2017 工作人员(anger)修改了巴顿(badun)的密码
Sat Apr 22 12:12:00 2017 Sat Apr 22 12:12:00 2017 工作人员(anger)修改了子航(zihang)的密码
Sat Apr 22 12:12:09 2017 Sat Apr 22 12:12:09 2017 工作人员(anger)修改了九州(jiuzhou)的密码
Sat Apr 22 12:12:16 2017 Sat Apr 22 12:12:16 2017 工作人员(anger)修改了醉生梦死(malin)的密码
Sat Apr 22 12:12:22 2017 Sat Apr 22 12:12:22 2017 工作人员(anger)修改了杂毛(zamao)的密码
Sat Apr 22 12:12:31 2017 Sat Apr 22 12:12:31 2017 工作人员(anger)修改了腰花(momoda)的密码
Sat Apr 22 12:12:37 2017 Sat Apr 22 12:12:37 2017 工作人员(anger)修改了卡拉(kala)的密码
Sat Apr 22 12:12:43 2017 Sat Apr 22 12:12:43 2017 工作人员(anger)修改了摩丝(mosi)的密码
Sat Apr 22 12:12:48 2017 Sat Apr 22 12:12:48 2017 工作人员(anger)修改了摩登(modeng)的密码
Sat Apr 22 12:12:53 2017 Sat Apr 22 12:12:53 2017 工作人员(anger)修改了摩卡(moka)的密码
Sat Apr 22 12:12:58 2017 Sat Apr 22 12:12:58 2017 工作人员(anger)修改了摩尼(moni)的密码
Sat Apr 22 12:13:58 2017 Sat Apr 22 12:13:58 2017 工作人员(anger)修改了萨罗夫(sukerxx)的密码
Sat Apr 22 12:14:05 2017 Sat Apr 22 12:14:05 2017 工作人员(anger)修改了白龙(sukertls)的密码
Sat Apr 22 12:16:57 2017 Sat Apr 22 12:16:57 2017 工作人员(anger)修改了南风未起(lddzwarf)的密码
Sat Apr 22 13:09:48 2017 Sat Apr 22 13:09:48 2017 工作人员(anger)修改了那要怎样(kvssa)的密码
Sat Apr 22 13:09:55 2017 Sat Apr 22 13:09:55 2017 工作人员(anger)修改了人来(kvthd)的密码
Sat Apr 22 13:10:03 2017 Sat Apr 22 13:10:03 2017 工作人员(anger)修改了人美活好(kvwd)的密码
Sat Apr 22 13:10:11 2017 Sat Apr 22 13:10:11 2017 工作人员(anger)修改了那要怎样(kvqz)的密码
Sat Apr 22 13:10:19 2017 Sat Apr 22 13:10:19 2017 工作人员(anger)修改了只能这样(kvdls)的密码
Mon Apr 24 09:30:20 2017 Mon Apr 24 09:30:20 2017 工作人员(anger)修改了弹力球(qiuqiu)的密码
Mon Apr 24 09:31:59 2017 Mon Apr 24 09:31:59 2017 工作人员(anger)修改了梦三梦(xbbx)的密码
Mon Apr 24 09:32:18 2017 Mon Apr 24 09:32:18 2017 工作人员(anger)修改了梦机缘(xbbxxb)的密码
Mon Apr 24 09:32:34 2017 Mon Apr 24 09:32:34 2017 工作人员(anger)修改了梦五丰(bxxb)的密码
Mon Apr 24 09:32:40 2017 Mon Apr 24 09:32:40 2017 工作人员(anger)修改了梦誓死(bxxbb)的密码
Mon Apr 24 09:32:47 2017 Mon Apr 24 09:32:47 2017 工作人员(anger)修改了梦三圣(bxxbbx)的密码
Mon Apr 24 09:32:55 2017 Mon Apr 24 09:32:55 2017 工作人员(anger)修改了梦四凤(bxxbbxx)的密码
Mon Apr 24 10:23:01 2017 Mon Apr 24 10:23:01 2017 工作人员(anger)修改了阿飞(afei)的密码
Mon Apr 24 10:23:08 2017 Mon Apr 24 10:23:08 2017 工作人员(anger)修改了魔露(molu)的密码
Mon Apr 24 12:41:48 2017 Mon Apr 24 12:41:48 2017 工作人员(anger)修改了神照一(tlsa)的密码
Mon Apr 24 12:41:58 2017 Mon Apr 24 12:41:58 2017 工作人员(anger)修改了血刀一(tlse)的密码
Mon Apr 24 12:42:06 2017 Mon Apr 24 12:42:06 2017 工作人员(anger)修改了神照四(tlsd)的密码
Mon Apr 24 14:49:02 2017 Mon Apr 24 14:49:02 2017 工作人员(anger)修改了唐棠(truekk)的密码
Mon Apr 24 14:49:09 2017 Mon Apr 24 14:49:09 2017 工作人员(anger)修改了南客(realkk)的密码
Wed Apr 26 09:23:15 2017 Wed Apr 26 09:23:15 2017 工作人员(anger)修改了华华(haotian)的密码
Wed Apr 26 11:52:31 2017 Wed Apr 26 11:52:31 2017 工作人员(anger)修改了高手寂寞(wolequde)的密码
Wed Apr 26 13:59:04 2017 Wed Apr 26 13:59:04 2017 工作人员(anger)修改了漫画家发(ybmistg)的密码
Thu Apr 27 11:41:09 2017 Thu Apr 27 11:41:09 2017 工作人员(anger)修改了幻影(llqwin)的密码
Fri Apr 28 12:15:29 2017 Fri Apr 28 12:15:29 2017 工作人员(anger)修改了天下(flywind)的密码
Fri Apr 28 12:15:36 2017 Fri Apr 28 12:15:36 2017 工作人员(anger)修改了随风(wangyang)的密码
Fri Apr 28 12:15:42 2017 Fri Apr 28 12:15:42 2017 工作人员(anger)修改了黑教(heijiao)的密码
Fri Apr 28 12:15:51 2017 Fri Apr 28 12:15:51 2017 工作人员(anger)修改了血刀门(wyxdm)的密码
Fri Apr 28 12:15:55 2017 Fri Apr 28 12:15:55 2017 工作人员(anger)修改了南雨(nanyu)的密码
Fri Apr 28 14:43:55 2017 Fri Apr 28 14:43:55 2017 工作人员(anger)修改了神照二(tlsb)的密码
Fri Apr 28 15:09:50 2017 Fri Apr 28 15:09:50 2017 工作人员(anger)修改了蛤蟆(dhm)的密码
Sun Apr 30 00:02:59 2017 Sun Apr 30 00:02:59 2017 馊糊(master)修改了燃烧哥(burning)的密码
Mon May  1 18:01:38 2017 Mon May  1 18:01:38 2017 馊糊(master)修改了竹叶青(bamboo)的密码
Mon May  1 18:01:47 2017 Mon May  1 18:01:47 2017 馊糊(master)修改了蓝花(laner)的密码
Mon May  1 18:02:02 2017 Mon May  1 18:02:02 2017 馊糊(master)修改了小苹果(apple)的密码
Mon May  1 18:02:06 2017 Mon May  1 18:02:06 2017 馊糊(master)修改了姝儿(shuer)的密码
Mon May  1 18:02:09 2017 Mon May  1 18:02:09 2017 馊糊(master)修改了小鱼儿(yuer)的密码
Mon May  1 18:02:16 2017 Mon May  1 18:02:16 2017 馊糊(master)修改了左耳(zuoer)的密码
Mon May  1 18:02:25 2017 Mon May  1 18:02:25 2017 馊糊(master)修改了笑笑(xiao)的密码
Mon May  1 18:02:34 2017 Mon May  1 18:02:34 2017 馊糊(master)修改了摇曳灯光(light)的密码
Mon May  1 18:02:39 2017 Mon May  1 18:02:39 2017 馊糊(master)修改了昆仑怒(kunlun)的密码
Mon May  1 23:51:20 2017 Mon May  1 23:51:20 2017 馊糊(master)修改了酷儿(cooler)的密码
Mon May  1 23:51:47 2017 Mon May  1 23:51:47 2017 馊糊(master)修改了火凤凰(firebird)的密码
Mon May  1 23:52:08 2017 Mon May  1 23:52:08 2017 馊糊(master)修改了阿瑞斯(arise)的密码
Mon May  1 23:52:14 2017 Mon May  1 23:52:14 2017 馊糊(master)修改了爱炮(appo)的密码
Mon May  1 23:52:22 2017 Mon May  1 23:52:22 2017 馊糊(master)修改了未来(jiang)的密码
Mon May  1 23:52:29 2017 Mon May  1 23:52:29 2017 馊糊(master)修改了阿波罗(apollo)的密码
Mon May  1 23:52:37 2017 Mon May  1 23:52:37 2017 馊糊(master)修改了六月雪(june)的密码
Mon May  1 23:52:42 2017 Mon May  1 23:52:42 2017 馊糊(master)修改了琵琶酱(papi)的密码
Mon May  1 23:52:51 2017 Mon May  1 23:52:51 2017 馊糊(master)修改了冰冰凉(bing)的密码
Mon May  1 23:52:55 2017 Mon May  1 23:52:55 2017 馊糊(master)修改了球球(qiuiii)的密码
Tue May  2 08:43:49 2017 Tue May  2 08:43:49 2017 工作人员(anger)修改了终南痴(ssjx)的密码
Thu May  4 11:25:46 2017 Thu May  4 11:25:46 2017 工作人员(anger)修改了老病孤舟(lbgz)的密码
Thu May  4 11:25:52 2017 Thu May  4 11:25:52 2017 工作人员(anger)修改了北萧峰(lbgza)的密码
Thu May  4 11:26:05 2017 Thu May  4 11:26:05 2017 工作人员(anger)修改了铁衣(tieyi)的密码
Thu May  4 11:26:24 2017 Thu May  4 11:26:24 2017 工作人员(anger)修改了北萧峰(lbgza)的密码
Thu May  4 11:30:42 2017 Thu May  4 11:30:42 2017 工作人员(anger)修改了火火(maskd)的密码
Thu May  4 15:08:53 2017 Thu May  4 15:08:53 2017 工作人员(anger)修改了铁衣(tieyi)的密码
Thu May  4 20:53:06 2017 Thu May  4 20:53:06 2017 馊糊(master)修改了洛尼(rodneyqu)的密码
Fri May  5 21:15:21 2017 Fri May  5 21:15:21 2017 馊糊(master)修改了左眉(woo)的密码
Fri May  5 21:27:09 2017 Fri May  5 21:27:09 2017 馊糊(master)修改了苇子谷(weyoo)的密码
Fri May  5 21:28:08 2017 Fri May  5 21:28:08 2017 馊糊(master)修改了没有(none)的密码
Fri May  5 21:28:23 2017 Fri May  5 21:28:23 2017 馊糊(master)修改了没有(none)的密码
Fri May  5 21:33:05 2017 Fri May  5 21:33:05 2017 馊糊(master)修改了小昭(xiaoz)的密码
Fri May  5 22:50:10 2017 Fri May  5 22:50:10 2017 馊糊(master)修改了摇曳灯光(light)的密码
Sat May  6 09:52:14 2017 Sat May  6 09:52:14 2017 馊糊(master)修改了迦叶(jiaye)的密码
Sat May  6 09:52:26 2017 Sat May  6 09:52:26 2017 馊糊(master)修改了爱奇艺(qiyi)的密码
Sat May  6 09:52:41 2017 Sat May  6 09:52:41 2017 馊糊(master)修改了酷珀(cooper)的密码
Sat May  6 09:52:54 2017 Sat May  6 09:52:54 2017 馊糊(master)修改了叶孤城(year)的密码
Sat May  6 09:55:25 2017 Sat May  6 09:55:25 2017 馊糊(master)修改了昆仑怒(kunlun)的密码
Sat May  6 09:55:32 2017 Sat May  6 09:55:32 2017 馊糊(master)修改了凉意(liangyi)的密码
Sat May  6 09:55:38 2017 Sat May  6 09:55:38 2017 馊糊(master)修改了一日三秋(sanqiu)的密码
Sat May  6 09:55:55 2017 Sat May  6 09:55:55 2017 馊糊(master)修改了摩诃(mohe)的密码
Sat May  6 09:57:43 2017 Sat May  6 09:57:43 2017 馊糊(master)修改了蛛儿(zhuer)的密码
Sat May  6 09:58:01 2017 Sat May  6 09:58:01 2017 馊糊(master)修改了姝儿(shuer)的密码
Mon May  8 22:51:49 2017 Mon May  8 22:51:49 2017 馊糊(master)修改了澹台静(cosmos)的密码
Mon May  8 22:52:34 2017 Mon May  8 22:52:34 2017 馊糊(master)修改了打个滚儿(dagger)的密码
Mon May  8 22:53:39 2017 Mon May  8 22:53:39 2017 馊糊(master)修改了彀⒛碌(unarmed)的密码
Mon May  8 22:54:03 2017 Mon May  8 22:54:03 2017 馊糊(master)修改了第一凶人(nurfed)的密码
Mon May  8 22:54:15 2017 Mon May  8 22:54:15 2017 馊糊(master)修改了神弃(optimus)的密码
Mon May  8 22:54:29 2017 Mon May  8 22:54:29 2017 馊糊(master)修改了一个毒人(poison)的密码
Wed May 10 22:21:18 2017 Wed May 10 22:21:18 2017 馊糊(master)修改了一具尸体(corpse)的密码
Wed May 10 22:21:23 2017 Wed May 10 22:21:23 2017 馊糊(master)修改了一具尸体(corpse)的密码
Fri May 12 13:28:29 2017 Fri May 12 13:28:29 2017 工作人员(anger)修改了贼喇嘛(lama)的密码
Fri May 12 16:07:05 2017 Fri May 12 16:07:05 2017 工作人员(anger)修改了蕾娅(leya)的密码
Tue May 16 16:22:08 2017 Tue May 16 16:22:08 2017 工作人员(anger)修改了量量(kvsl)的密码
Thu May 18 20:40:26 2017 Thu May 18 20:40:26 2017 馊糊(master)修改了花残菊(juer)的密码
Thu May 18 20:40:26 2017 Thu May 18 20:40:26 2017 馊糊(master)修改了花残菊(juer)的密码
Thu May 18 21:54:36 2017 Thu May 18 21:54:36 2017 馊糊(master)修改了南风已起(lddzwbpq)的密码。
Mon May 22 10:54:58 2017 Mon May 22 10:54:58 2017 工作人员(anger)修改了徐凌雪(cindy)的密码
Tue May 23 11:18:02 2017 Tue May 23 11:18:02 2017 工作人员(anger)修改了晓晓(iloveh)的密码
Sat May 27 12:53:48 2017 Sat May 27 12:53:48 2017 工作人员(anger)修改了弹力球(qiuqiu)的密码
Mon May 29 09:58:27 2017 Mon May 29 09:58:27 2017 馊糊(master)修改了戚少商(qishang)的密码
Mon May 29 11:15:05 2017 Mon May 29 11:15:05 2017 馊糊(master)修改了秋月(qiuer)的密码
Mon May 29 14:06:48 2017 Mon May 29 14:06:48 2017 馊糊(master)修改了一日三秋(sanqiu)的密码。
Wed May 31 09:06:30 2017 Wed May 31 09:06:30 2017 馊糊(master)修改了小苹果(apple)的密码
Wed May 31 10:15:16 2017 Wed May 31 10:15:16 2017 工作人员(anger)修改了小昭(xiaoz)的密码。
Wed May 31 21:59:26 2017 Wed May 31 21:59:26 2017 馊糊(master)修改了小鱼儿(yuer)的密码
Wed May 31 23:51:09 2017 Wed May 31 23:51:09 2017 工作人员(anger)修改了龙龙儿(kind)的密码
Mon Jun  5 12:59:37 2017 Mon Jun  5 12:59:37 2017 工作人员(anger)修改了小明(xminfeng)的密码
Tue Jun  6 14:07:32 2017 Tue Jun  6 14:07:32 2017 工作人员(anger)修改了雨刹(sandsld)的密码
Tue Jun  6 21:31:36 2017 Tue Jun  6 21:31:36 2017 馊糊(master)修改了琴痴(qinyi)的密码
Tue Jun  6 21:31:44 2017 Tue Jun  6 21:31:44 2017 馊糊(master)修改了凉意(liangyi)的密码
Tue Jun  6 21:32:11 2017 Tue Jun  6 21:32:11 2017 馊糊(master)修改了花残菊(juer)的密码
Sun Jun 11 10:50:33 2017 Sun Jun 11 10:50:33 2017 馊糊(master)修改了苏坡(super)的密码
Mon Jun 12 18:46:14 2017 Mon Jun 12 18:46:14 2017 工作人员(anger)修改了徐凤年(tianyuan)的密码
Tue Jun 20 08:40:49 2017 Tue Jun 20 08:40:49 2017 工作人员(anger)修改了贼喇嘛(lama)的密码
Tue Jun 20 14:50:34 2017 Tue Jun 20 14:50:34 2017 工作人员(anger)修改了耗子(sgytlove)的密码
Wed Jul  5 09:36:21 2017 Wed Jul  5 09:36:21 2017 工作人员(anger)修改了剑气纵横(faint)的密码
Wed Jul 12 22:37:09 2017 Wed Jul 12 22:37:09 2017 馊糊(master)修改了黄昏(rsca)的密码
Wed Jul 12 22:37:41 2017 Wed Jul 12 22:37:41 2017 馊糊(master)修改了卡路里(calorie)的密码
Thu Jul 13 15:22:28 2017 Thu Jul 13 15:22:28 2017 工作人员(anger)修改了合修(sandwd)的密码
Fri Jul 14 15:06:51 2017 Fri Jul 14 15:06:51 2017 工作人员(anger)修改了李莲英(lianying)的密码
Thu Jul 27 18:51:39 2017 Thu Jul 27 18:51:39 2017 工作人员(anger)修改了剑气纵横(faint)的密码
Thu Jul 27 18:56:06 2017 Thu Jul 27 18:56:06 2017 工作人员(anger)修改了不明人士(kao)的密码
Fri Jul 28 12:06:44 2017 Fri Jul 28 12:06:44 2017 工作人员(anger)修改了神武玄天(telant)的密码
Fri Jul 28 12:06:52 2017 Fri Jul 28 12:06:52 2017 工作人员(anger)修改了紫光枫影(taidy)的密码
Fri Jul 28 12:06:59 2017 Fri Jul 28 12:06:59 2017 工作人员(anger)修改了婉月婷(anshun)的密码
Wed Aug 30 11:51:38 2017 Wed Aug 30 11:51:38 2017 馊糊(master)修改了切诺基(jeep)的密码
Thu Aug 31 11:12:11 2017 Thu Aug 31 11:12:11 2017 馊糊(master)修改了小昭(xiaoz)的密码
Fri Sep 22 16:45:00 2017 Fri Sep 22 16:45:00 2017 馊糊(master)修改了晓晓(ilovec)的密码
Tue Oct 31 15:45:09 2017 Tue Oct 31 15:45:09 2017 馊糊(master)修改了自由战士(freedom)的密码
Tue Oct 31 15:47:39 2017 Tue Oct 31 15:47:39 2017 馊糊(master)修改了摇曳灯光(light)的密码。
Tue Oct 31 18:13:26 2017 Tue Oct 31 18:13:26 2017 馊糊(master)修改了碧鸡(notebook)的密码
Tue Oct 31 18:34:25 2017 Tue Oct 31 18:34:25 2017 馊糊(master)修改了葫芦娃(hoho)的密码
Tue Oct 31 18:42:32 2017 Tue Oct 31 18:42:32 2017 馊糊(master)修改了冰雪人(iceman)的密码
Wed Nov  8 01:09:24 2017 Wed Nov  8 01:09:24 2017 馊糊(master)修改了书痴(shuchi)的密码
Thu Nov 23 22:32:30 2017 Thu Nov 23 22:32:30 2017 馊糊(master)修改了苹果(iphone)的密码
Fri Dec  8 09:13:57 2017 Fri Dec  8 09:13:57 2017 馊糊(master)修改了花无缺(wuque)的密码
Thu Dec 14 22:03:53 2017 Thu Dec 14 22:03:53 2017 馊糊(master)修改了长孙无忌(wuji)的密码
Sun Dec 24 23:44:43 2017 Sun Dec 24 23:44:43 2017 馊糊(master)修改了大白鲨(whale)的密码
Sun Dec 24 23:46:36 2017 Sun Dec 24 23:46:36 2017 馊糊(master)修改了水君(water)的密码
Sat Jan  6 22:11:46 2018 Sat Jan  6 22:11:46 2018 馊糊(master)修改了念奴(qesdg)的密码
Sat Jan  6 22:12:22 2018 Sat Jan  6 22:12:22 2018 馊糊(master)修改了叫花子(qgsdg)的密码
Sat Jan  6 22:12:33 2018 Sat Jan  6 22:12:33 2018 馊糊(master)修改了张铁(zhangtie)的密码
Sat Jan  6 22:13:08 2018 Sat Jan  6 22:13:08 2018 馊糊(master)修改了如花(qbsdg)的密码
Sat Jan  6 22:14:10 2018 Sat Jan  6 22:14:10 2018 馊糊(master)修改了阿紫儿(azi)的密码
Sat Jan  6 22:14:58 2018 Sat Jan  6 22:14:58 2018 馊糊(master)修改了陶仆(top)的密码
Thu Jan 18 16:39:27 2018 Thu Jan 18 16:39:27 2018 工作人员(anger)修改了阿弥陀佛(dazhuan)的密码
Thu Jan 18 19:00:18 2018 Thu Jan 18 19:00:18 2018 工作人员(anger)修改了一具尸体(corpsee)的密码
Wed Jan 31 13:46:36 2018 Wed Jan 31 13:46:36 2018 工作人员(anger)修改了张三丰(aaavvvcc)的密码
Sat Feb 10 23:51:44 2018 Sat Feb 10 23:51:44 2018 馊糊(master)修改了本羽(mistmist)的密码。
Tue Feb 13 17:20:54 2018 Tue Feb 13 17:20:54 2018 馊糊(master)修改了二爷(dvc)的密码
Tue Feb 13 17:22:40 2018 Tue Feb 13 17:22:40 2018 馊糊(master)修改了大爷爷(dvcc)的密码
Thu Feb 15 12:08:18 2018 Thu Feb 15 12:08:18 2018 馊糊(master)修改了一碗饭(mistmist)的密码
Sun Feb 18 08:10:49 2018 Sun Feb 18 08:10:49 2018 馊糊(master)修改了飞机头(feiji)的密码
Sun Feb 18 08:11:04 2018 Sun Feb 18 08:11:04 2018 馊糊(master)修改了大飞机(dafeiji)的密码
Sun Feb 18 08:11:13 2018 Sun Feb 18 08:11:13 2018 馊糊(master)修改了大唧唧(dajjj)的密码
Sun Feb 18 08:11:24 2018 Sun Feb 18 08:11:24 2018 馊糊(master)修改了鸡鸡(dajj)的密码
Sun Feb 18 08:11:43 2018 Sun Feb 18 08:11:43 2018 馊糊(master)修改了土大大(feijitou)的密码
Sun Feb 18 09:03:45 2018 Sun Feb 18 09:03:45 2018 馊糊(master)修改了灭灭(dumie)的密码
Sun Feb 18 14:08:49 2018 Sun Feb 18 14:08:49 2018 馊糊(master)修改了云馨风(lwthd)的密码。
Sun Feb 18 17:12:22 2018 Sun Feb 18 17:12:22 2018 馊糊(master)修改了狗哥(dagou)的密码
Sun Feb 18 17:17:56 2018 Sun Feb 18 17:17:56 2018 馊糊(master)修改了狗哥(dagou)的密码
Sun Feb 18 18:08:44 2018 Sun Feb 18 18:08:44 2018 馊糊(master)修改了大鸭子(daya)的密码
Mon Feb 19 14:30:27 2018 Mon Feb 19 14:30:27 2018 馊糊(master)修改了渡一(sandsl)的密码。
Mon Feb 19 20:51:31 2018 Mon Feb 19 20:51:31 2018 馊糊(master)修改了燃烧哥(burning)的密码
Wed Feb 21 10:25:04 2018 Wed Feb 21 10:25:04 2018 馊糊(master)修改了云馨(lwthd)的密码
Thu Feb 22 15:23:06 2018 Thu Feb 22 15:23:06 2018 工作人员(anger)修改了贼喇嘛(lama)的密码
Thu Feb 22 17:25:35 2018 Thu Feb 22 17:25:35 2018 馊糊(master)修改了大白鲨(whale)的密码。
Wed Mar  7 20:43:14 2018 Wed Mar  7 20:43:14 2018 馊糊(master)修改了张黑铁(qasdg)的密码
Thu Mar 22 16:08:53 2018 Thu Mar 22 16:08:53 2018 工作人员(anger)修改了包子(baozi)的密码
Sat Mar 24 10:41:19 2018 Sat Mar 24 10:41:19 2018 馊糊(master)修改了阿神(rotk)的密码
Fri Apr 13 19:21:56 2018 Fri Apr 13 19:21:56 2018 馊糊(master)修改了浪迹天涯(crypop)的密码
Fri Apr 13 19:22:09 2018 Fri Apr 13 19:22:09 2018 馊糊(master)修改了妩媚妖娆(crypopa)的密码
Fri Apr 13 19:22:18 2018 Fri Apr 13 19:22:18 2018 馊糊(master)修改了奇迹(wander)的密码
